TN:
SF:src\app.controller.ts
FN:6,(anonymous_2)
FN:9,(anonymous_3)
FNF:2
FNH:2
FNDA:1,(anonymous_2)
FNDA:1,(anonymous_3)
DA:1,1
DA:2,1
DA:5,1
DA:6,1
DA:9,1
DA:10,1
LF:6
LH:6
BRF:0
BRH:0
end_of_record
TN:
SF:src\app.module.ts
FNF:0
FNH:0
DA:2,0
DA:3,0
DA:4,0
DA:5,0
DA:6,0
DA:7,0
DA:19,0
LF:7
LH:0
BRF:0
BRH:0
end_of_record
TN:
SF:src\app.service.ts
FN:5,(anonymous_1)
FNF:1
FNH:1
FNDA:1,(anonymous_1)
DA:1,1
DA:4,1
DA:6,1
LF:3
LH:3
BRF:0
BRH:0
end_of_record
TN:
SF:src\main.ts
FN:5,bootstrap
FNF:1
FNH:0
FNDA:0,bootstrap
DA:1,0
DA:2,0
DA:3,0
DA:6,0
DA:7,0
DA:8,0
DA:10,0
LF:7
LH:0
BRF:0
BRH:0
end_of_record
TN:
SF:src\common\database\database.dao.ts
FN:10,(anonymous_0)
FN:12,(anonymous_1)
FN:17,(anonymous_2)
FN:21,(anonymous_3)
FN:25,(anonymous_4)
FN:36,(anonymous_5)
FNF:6
FNH:0
FNDA:0,(anonymous_0)
FNDA:0,(anonymous_1)
FNDA:0,(anonymous_2)
FNDA:0,(anonymous_3)
FNDA:0,(anonymous_4)
FNDA:0,(anonymous_5)
DA:9,0
DA:10,0
DA:13,0
DA:14,0
DA:18,0
DA:22,0
DA:30,0
DA:37,0
LF:8
LH:0
BRDA:17,0,0,0
BRF:1
BRH:0
end_of_record
TN:
SF:src\common\utils\constants.ts
FNF:0
FNH:0
DA:1,2
DA:2,2
LF:2
LH:2
BRF:0
BRH:0
end_of_record
TN:
SF:src\config\cors.config.ts
FNF:0
FNH:0
DA:1,0
DA:3,0
LF:2
LH:0
BRF:0
BRH:0
end_of_record
TN:
SF:src\config\database.config.ts
FN:4,(anonymous_0)
FNF:1
FNH:0
FNDA:0,(anonymous_0)
DA:1,0
DA:3,0
DA:4,0
LF:3
LH:0
BRF:0
BRH:0
end_of_record
TN:
SF:src\modules\ping\ping.controller.ts
FN:6,(anonymous_2)
FN:9,(anonymous_3)
FN:14,(anonymous_4)
FNF:3
FNH:3
FNDA:3,(anonymous_2)
FNDA:1,(anonymous_3)
FNDA:1,(anonymous_4)
DA:1,1
DA:2,1
DA:5,1
DA:6,3
DA:9,1
DA:10,1
DA:14,1
DA:15,1
LF:8
LH:8
BRF:0
BRH:0
end_of_record
TN:
SF:src\modules\ping\ping.module.ts
FNF:0
FNH:0
DA:1,0
DA:2,0
DA:3,0
DA:4,0
DA:5,0
DA:6,0
DA:17,0
LF:7
LH:0
BRF:0
BRH:0
end_of_record
TN:
SF:src\modules\ping\ping.service.ts
FN:13,(anonymous_2)
FN:14,(anonymous_3)
FN:17,(anonymous_4)
FN:28,(anonymous_5)
FN:46,(anonymous_6)
FN:56,(anonymous_7)
FNF:6
FNH:4
FNDA:5,(anonymous_2)
FNDA:0,(anonymous_3)
FNDA:2,(anonymous_4)
FNDA:0,(anonymous_5)
FNDA:2,(anonymous_6)
FNDA:6,(anonymous_7)
DA:1,2
DA:2,2
DA:3,2
DA:4,2
DA:6,2
DA:9,2
DA:10,5
DA:13,5
DA:14,5
DA:18,2
DA:19,2
DA:20,2
DA:22,1
DA:28,0
DA:39,1
DA:40,1
DA:42,1
DA:47,2
DA:48,2
DA:50,1
DA:51,1
DA:57,6
DA:58,6
LF:23
LH:22
BRDA:23,0,0,1
BRDA:23,0,1,0
BRDA:24,1,0,1
BRDA:24,1,1,1
BRDA:25,2,0,1
BRDA:25,2,1,0
BRDA:26,3,0,1
BRDA:26,3,1,0
BRDA:33,4,0,1
BRDA:33,4,1,1
BRDA:34,5,0,1
BRDA:34,5,1,0
BRDA:57,6,0,6
BRF:13
BRH:9
end_of_record
TN:
SF:src\modules\ping\dao\ping.dao.ts
FN:10,(anonymous_4)
FN:14,(anonymous_5)
FN:19,(anonymous_6)
FNF:3
FNH:0
FNDA:0,(anonymous_4)
FNDA:0,(anonymous_5)
FNDA:0,(anonymous_6)
DA:2,2
DA:3,2
DA:4,2
DA:5,2
DA:9,2
DA:11,0
DA:15,0
DA:16,0
DA:20,0
LF:9
LH:5
BRF:0
BRH:0
end_of_record
TN:
SF:src\modules\ping\dto\ping-response.dto.ts
FNF:0
FNH:0
DA:1,0
LF:1
LH:0
BRF:0
BRH:0
end_of_record
TN:
SF:src\schemas\response.schema.ts
FNF:0
FNH:0
DA:2,2
DA:8,2
DA:10,2
DA:13,2
DA:16,2
DA:19,2
DA:22,2
DA:25,2
DA:28,2
DA:31,2
DA:34,2
DA:37,2
LF:12
LH:12
BRF:0
BRH:0
end_of_record
